
> MultiOgarII@1.6.2 start /home/kdlong/ogar-clone/MultiOgarII
> cd src && node index

[[34mInfo[0m] 418 bad words loaded
[[34mInfo[0m] 3 user records loaded.
[[34mInfo[0m] 0 IP ban records loaded.
[[34mInfo[0m] Using HTTP
[[34mInfo[0m] Running MultiOgarII 1.6.2, a FOSS agar.io server implementation.
[[34mInfo[0m] Started stats server on port 8888
[[34mInfo[0m] Game server started, on port 8080
[[34mInfo[0m] Current game mode is Free For All

> MultiOgarII@1.6.2 start /home/kdlong/ogar-clone/MultiOgarII
> cd src && node index

[[34mInfo[0m] 418 bad words loaded
[[34mInfo[0m] 3 user records loaded.
[[34mInfo[0m] 0 IP ban records loaded.
[[34mInfo[0m] Using HTTP
[[34mInfo[0m] Running MultiOgarII 1.6.2, a FOSS agar.io server implementation.
[[34mInfo[0m] Started stats server on port 8888
[[34mInfo[0m] Game server started, on port 8080
[[34mInfo[0m] Current game mode is Free For All

> MultiOgarII@1.6.2 start /home/kdlong/ogar-clone/MultiOgarII
> cd src && node index

[[34mInfo[0m] 418 bad words loaded
[[34mInfo[0m] 3 user records loaded.
[[34mInfo[0m] 0 IP ban records loaded.
[[34mInfo[0m] Using HTTP
[[34mInfo[0m] Running MultiOgarII 1.6.2, a FOSS agar.io server implementation.
[[34mInfo[0m] Started stats server on port 8888
[[34mInfo[0m] Game server started, on port 8080
[[34mInfo[0m] Current game mode is Free For All

> MultiOgarII@1.6.2 start /home/kdlong/ogar-clone/MultiOgarII
> cd src && node index

[[34mInfo[0m] 418 bad words loaded
[[34mInfo[0m] 3 user records loaded.
[[34mInfo[0m] 0 IP ban records loaded.
[[34mInfo[0m] Using HTTP
[[34mInfo[0m] Running MultiOgarII 1.6.2, a FOSS agar.io server implementation.
[[34mInfo[0m] Started stats server on port 8888
[[34mInfo[0m] Game server started, on port 8080
[[34mInfo[0m] Current game mode is Free For All

> MultiOgarII@1.6.2 start /home/kdlong/ogar-clone/MultiOgarII
> cd src && node index

[[34mInfo[0m] 418 bad words loaded
[[34mInfo[0m] 3 user records loaded.
[[34mInfo[0m] 0 IP ban records loaded.
[[34mInfo[0m] Using HTTP
[[34mInfo[0m] Running MultiOgarII 1.6.2, a FOSS agar.io server implementation.
[[34mInfo[0m] Started stats server on port 8888
[[34mInfo[0m] Game server started, on port 8080
[[34mInfo[0m] Current game mode is Free For All

> MultiOgarII@1.6.2 start /home/kdlong/ogar-clone/MultiOgarII
> cd src && node index

[[34mInfo[0m] 418 bad words loaded
[[34mInfo[0m] 3 user records loaded.
[[34mInfo[0m] 0 IP ban records loaded.
[[34mInfo[0m] Using HTTP
[[34mInfo[0m] Running MultiOgarII 1.6.2, a FOSS agar.io server implementation.
[[34mInfo[0m] Started stats server on port 8888
[[34mInfo[0m] Game server started, on port 8080
[[34mInfo[0m] Current game mode is Free For All
[[34mInfo[0m] Added 20 player bots

> MultiOgarII@1.6.2 start /home/kdlong/ogar-clone/MultiOgarII
> cd src && node index

[[34mInfo[0m] 418 bad words loaded
[[34mInfo[0m] 3 user records loaded.
[[34mInfo[0m] 0 IP ban records loaded.
[[34mInfo[0m] Using HTTP
[[34mInfo[0m] Running MultiOgarII 1.6.2, a FOSS agar.io server implementation.
[[34mInfo[0m] Started stats server on port 8888
[[34mInfo[0m] Game server started, on port 8080
[[34mInfo[0m] Current game mode is Free For All
[[34mInfo[0m] Added 20 player bots

> MultiOgarII@1.6.2 start /home/kdlong/ogar-clone/MultiOgarII
> cd src && node index

[[34mInfo[0m] 418 bad words loaded
[[34mInfo[0m] 3 user records loaded.
[[34mInfo[0m] 0 IP ban records loaded.
[[34mInfo[0m] Using HTTP
[[34mInfo[0m] Running MultiOgarII 1.6.2, a FOSS agar.io server implementation.
[[34mInfo[0m] Started stats server on port 8888
[[34mInfo[0m] Game server started, on port 8080
[[34mInfo[0m] Current game mode is Free For All
[[34mInfo[0m] Added 20 player bots

> MultiOgarII@1.6.2 start /home/kdlong/ogar-clone/MultiOgarII
> cd src && node index

[[34mInfo[0m] 418 bad words loaded
[[34mInfo[0m] 3 user records loaded.
[[34mInfo[0m] 0 IP ban records loaded.
[[34mInfo[0m] Using HTTP
[[34mInfo[0m] Running MultiOgarII 1.6.2, a FOSS agar.io server implementation.
[[34mInfo[0m] Started stats server on port 8888
[[34mInfo[0m] Game server started, on port 8080
[[34mInfo[0m] Current game mode is Free For All
[[34mInfo[0m] Added 20 player bots

> MultiOgarII@1.6.2 start /home/kdlong/ogar-clone/MultiOgarII
> cd src && node index

[[34mInfo[0m] 418 bad words loaded
[[34mInfo[0m] 3 user records loaded.
[[34mInfo[0m] 0 IP ban records loaded.
[[34mInfo[0m] Using HTTP
[[34mInfo[0m] Running MultiOgarII 1.6.2, a FOSS agar.io server implementation.
[[34mInfo[0m] Started stats server on port 8888
[[34mInfo[0m] Game server started, on port 8080
[[34mInfo[0m] Current game mode is Free For All
[[34mInfo[0m] Added 20 player bots
